This file contains any messages produced by compilers while
running configure, to aid debugging if configure makes a mistake.

It was created by simplechatserver configure 0.1, which was
generated by GNU Autoconf 2.68.  Invocation command line was

  $ ./configure --no-create --no-recursion

## --------- ##
## Platform. ##
## --------- ##

hostname = laptop.unitserver.com
uname -m = x86_64
uname -r = 2.6.43.8-1.fc15.x86_64
uname -s = Linux
uname -v = #1 SMP Mon Jun 4 20:33:44 UTC 2012

/usr/bin/uname -p = unknown
/bin/uname -X     = unknown

/bin/arch              = x86_64
/usr/bin/arch -k       = unknown
/usr/convex/getsysinfo = unknown
/usr/bin/hostinfo      = unknown
/bin/machine           = unknown
/usr/bin/oslevel       = unknown
/bin/universe          = unknown

PATH: /home/joe/android-sdk-linux/tools
PATH: /home/joe/android-sdk-linux/platform-tools
PATH: /usr/lib64/qt-3.3/bin
PATH: /usr/lib64/ccache
PATH: /usr/local/bin
PATH: /usr/bin
PATH: /bin
PATH: /usr/local/sbin
PATH: /usr/sbin
PATH: /sbin
PATH: /home/joe/bin
PATH: /home/joe/bin


## ----------- ##
## Core tests. ##
## ----------- ##

configure:2142: checking for a BSD-compatible install
configure:2210: result: /usr/bin/install -c
configure:2221: checking whether build environment is sane
configure:2271: result: yes
configure:2412: checking for a thread-safe mkdir -p
configure:2451: result: /bin/mkdir -p
configure:2464: checking for gawk
configure:2480: found /usr/bin/gawk
configure:2491: result: gawk
configure:2502: checking whether make sets $(MAKE)
configure:2524: result: yes
configure:2654: checking for gcc
configure:2670: found /usr/lib64/ccache/gcc
configure:2681: result: gcc
configure:2910: checking for C compiler version
configure:2919: gcc --version >&5
gcc (GCC) 4.6.3 20120306 (Red Hat 4.6.3-2)
Copyright (C) 2011 Free Software Foundation, Inc.
This is free software; see the source for copying conditions.  There is NO
warranty; not even for MERCHANTABILITY or FITNESS FOR A PARTICULAR PURPOSE.

configure:2930: $? = 0
configure:2919: gcc -v >&5
Using built-in specs.
COLLECT_GCC=/usr/bin/gcc
COLLECT_LTO_WRAPPER=/usr/libexec/gcc/x86_64-redhat-linux/4.6.3/lto-wrapper
Target: x86_64-redhat-linux
Configured with: ../configure --prefix=/usr --mandir=/usr/share/man --infodir=/usr/share/info --with-bugurl=http://bugzilla.redhat.com/bugzilla --enable-bootstrap --enable-shared --enable-threads=posix --enable-checking=release --with-system-zlib --enable-__cxa_atexit --disable-libunwind-exceptions --enable-gnu-unique-object --enable-linker-build-id --enable-languages=c,c++,objc,obj-c++,java,fortran,ada,go,lto --enable-plugin --enable-java-awt=gtk --disable-dssi --with-java-home=/usr/lib/jvm/java-1.5.0-gcj-1.5.0.0/jre --enable-libgcj-multifile --enable-java-maintainer-mode --with-ecj-jar=/usr/share/java/eclipse-ecj.jar --disable-libjava-multilib --with-ppl --with-cloog --with-tune=generic --with-arch_32=i686 --build=x86_64-redhat-linux
Thread model: posix
gcc version 4.6.3 20120306 (Red Hat 4.6.3-2) (GCC) 
configure:2930: $? = 0
configure:2919: gcc -V >&5
gcc: error: unrecognized option '-V'
gcc: fatal error: no input files
compilation terminated.
configure:2930: $? = 4
configure:2919: gcc -qversion >&5
gcc: error: unrecognized option '-qversion'
gcc: fatal error: no input files
compilation terminated.
configure:2930: $? = 4
configure:2950: checking whether the C compiler works
configure:2972: gcc    conftest.c  >&5
configure:2976: $? = 0
configure:3024: result: yes
configure:3027: checking for C compiler default output file name
configure:3029: result: a.out
configure:3035: checking for suffix of executables
configure:3042: gcc -o conftest    conftest.c  >&5
configure:3046: $? = 0
configure:3068: result: 
configure:3090: checking whether we are cross compiling
configure:3098: gcc -o conftest    conftest.c  >&5
configure:3102: $? = 0
configure:3109: ./conftest
configure:3113: $? = 0
configure:3128: result: no
configure:3133: checking for suffix of object files
configure:3155: gcc -c   conftest.c >&5
configure:3159: $? = 0
configure:3180: result: o
configure:3184: checking whether we are using the GNU C compiler
configure:3203: gcc -c   conftest.c >&5
configure:3203: $? = 0
configure:3212: result: yes
configure:3221: checking whether gcc accepts -g
configure:3241: gcc -c -g  conftest.c >&5
configure:3241: $? = 0
configure:3282: result: yes
configure:3299: checking for gcc option to accept ISO C89
configure:3363: gcc  -c -g -O2  conftest.c >&5
configure:3363: $? = 0
configure:3376: result: none needed
configure:3407: checking for style of include used by make
configure:3435: result: GNU
configure:3460: checking dependency style of gcc
configure:3570: result: gcc3
configure:3643: checking for g++
configure:3659: found /usr/lib64/ccache/g++
configure:3670: result: g++
configure:3697: checking for C++ compiler version
configure:3706: g++ --version >&5
g++ (GCC) 4.6.3 20120306 (Red Hat 4.6.3-2)
Copyright (C) 2011 Free Software Foundation, Inc.
This is free software; see the source for copying conditions.  There is NO
warranty; not even for MERCHANTABILITY or FITNESS FOR A PARTICULAR PURPOSE.

configure:3717: $? = 0
configure:3706: g++ -v >&5
Using built-in specs.
COLLECT_GCC=/usr/bin/g++
COLLECT_LTO_WRAPPER=/usr/libexec/gcc/x86_64-redhat-linux/4.6.3/lto-wrapper
Target: x86_64-redhat-linux
Configured with: ../configure --prefix=/usr --mandir=/usr/share/man --infodir=/usr/share/info --with-bugurl=http://bugzilla.redhat.com/bugzilla --enable-bootstrap --enable-shared --enable-threads=posix --enable-checking=release --with-system-zlib --enable-__cxa_atexit --disable-libunwind-exceptions --enable-gnu-unique-object --enable-linker-build-id --enable-languages=c,c++,objc,obj-c++,java,fortran,ada,go,lto --enable-plugin --enable-java-awt=gtk --disable-dssi --with-java-home=/usr/lib/jvm/java-1.5.0-gcj-1.5.0.0/jre --enable-libgcj-multifile --enable-java-maintainer-mode --with-ecj-jar=/usr/share/java/eclipse-ecj.jar --disable-libjava-multilib --with-ppl --with-cloog --with-tune=generic --with-arch_32=i686 --build=x86_64-redhat-linux
Thread model: posix
gcc version 4.6.3 20120306 (Red Hat 4.6.3-2) (GCC) 
configure:3717: $? = 0
configure:3706: g++ -V >&5
g++: error: unrecognized option '-V'
g++: fatal error: no input files
compilation terminated.
configure:3717: $? = 4
configure:3706: g++ -qversion >&5
g++: error: unrecognized option '-qversion'
g++: fatal error: no input files
compilation terminated.
configure:3717: $? = 4
configure:3721: checking whether we are using the GNU C++ compiler
configure:3740: g++ -c   conftest.cpp >&5
configure:3740: $? = 0
configure:3749: result: yes
configure:3758: checking whether g++ accepts -g
configure:3778: g++ -c -g  conftest.cpp >&5
configure:3778: $? = 0
configure:3819: result: yes
configure:3844: checking dependency style of g++
configure:3954: result: gcc3
configure:3976: checking for pthread_create in -lpthread
configure:4001: gcc -o conftest -Wall -g -O0 -D_DEBUG -D_PROTOCOL_DEBUG   conftest.c -lpthread   >&5
configure:4001: $? = 0
configure:4010: result: yes
configure:4027: checking how to run the C preprocessor
configure:4058: gcc -E  conftest.c
configure:4058: $? = 0
configure:4072: gcc -E  conftest.c
conftest.c:12:28: fatal error: ac_nonexistent.h: No such file or directory
compilation terminated.
configure:4072: $? = 1
configure: failed program was:
| /* confdefs.h */
| #define PACKAGE_NAME "simplechatserver"
| #define PACKAGE_TARNAME "simplechatserver"
| #define PACKAGE_VERSION "0.1"
| #define PACKAGE_STRING "simplechatserver 0.1"
| #define PACKAGE_BUGREPORT "joe@manvscode.com"
| #define PACKAGE_URL ""
| #define PACKAGE "simplechatserver"
| #define VERSION "0.1"
| #define HAVE_LIBPTHREAD 1
| /* end confdefs.h.  */
| #include <ac_nonexistent.h>
configure:4097: result: gcc -E
configure:4117: gcc -E  conftest.c
configure:4117: $? = 0
configure:4131: gcc -E  conftest.c
conftest.c:12:28: fatal error: ac_nonexistent.h: No such file or directory
compilation terminated.
configure:4131: $? = 1
configure: failed program was:
| /* confdefs.h */
| #define PACKAGE_NAME "simplechatserver"
| #define PACKAGE_TARNAME "simplechatserver"
| #define PACKAGE_VERSION "0.1"
| #define PACKAGE_STRING "simplechatserver 0.1"
| #define PACKAGE_BUGREPORT "joe@manvscode.com"
| #define PACKAGE_URL ""
| #define PACKAGE "simplechatserver"
| #define VERSION "0.1"
| #define HAVE_LIBPTHREAD 1
| /* end confdefs.h.  */
| #include <ac_nonexistent.h>
configure:4160: checking for grep that handles long lines and -e
configure:4218: result: /bin/grep
configure:4223: checking for egrep
configure:4285: result: /bin/grep -E
configure:4290: checking for ANSI C header files
configure:4310: gcc -c -Wall -g -O0 -D_DEBUG -D_PROTOCOL_DEBUG  conftest.c >&5
configure:4310: $? = 0
configure:4383: gcc -o conftest -Wall -g -O0 -D_DEBUG -D_PROTOCOL_DEBUG   conftest.c -lpthread  >&5
configure:4383: $? = 0
configure:4383: ./conftest
configure:4383: $? = 0
configure:4394: result: yes
configure:4407: checking for sys/types.h
configure:4407: gcc -c -Wall -g -O0 -D_DEBUG -D_PROTOCOL_DEBUG  conftest.c >&5
configure:4407: $? = 0
configure:4407: result: yes
configure:4407: checking for sys/stat.h
configure:4407: gcc -c -Wall -g -O0 -D_DEBUG -D_PROTOCOL_DEBUG  conftest.c >&5
configure:4407: $? = 0
configure:4407: result: yes
configure:4407: checking for stdlib.h
configure:4407: gcc -c -Wall -g -O0 -D_DEBUG -D_PROTOCOL_DEBUG  conftest.c >&5
configure:4407: $? = 0
configure:4407: result: yes
configure:4407: checking for string.h
configure:4407: gcc -c -Wall -g -O0 -D_DEBUG -D_PROTOCOL_DEBUG  conftest.c >&5
configure:4407: $? = 0
configure:4407: result: yes
configure:4407: checking for memory.h
configure:4407: gcc -c -Wall -g -O0 -D_DEBUG -D_PROTOCOL_DEBUG  conftest.c >&5
configure:4407: $? = 0
configure:4407: result: yes
configure:4407: checking for strings.h
configure:4407: gcc -c -Wall -g -O0 -D_DEBUG -D_PROTOCOL_DEBUG  conftest.c >&5
configure:4407: $? = 0
configure:4407: result: yes
configure:4407: checking for inttypes.h
configure:4407: gcc -c -Wall -g -O0 -D_DEBUG -D_PROTOCOL_DEBUG  conftest.c >&5
configure:4407: $? = 0
configure:4407: result: yes
configure:4407: checking for stdint.h
configure:4407: gcc -c -Wall -g -O0 -D_DEBUG -D_PROTOCOL_DEBUG  conftest.c >&5
configure:4407: $? = 0
configure:4407: result: yes
configure:4407: checking for unistd.h
configure:4407: gcc -c -Wall -g -O0 -D_DEBUG -D_PROTOCOL_DEBUG  conftest.c >&5
configure:4407: $? = 0
configure:4407: result: yes
configure:4421: checking pthread.h usability
configure:4421: gcc -c -Wall -g -O0 -D_DEBUG -D_PROTOCOL_DEBUG  conftest.c >&5
configure:4421: $? = 0
configure:4421: result: yes
configure:4421: checking pthread.h presence
configure:4421: gcc -E  conftest.c
configure:4421: $? = 0
configure:4421: result: yes
configure:4421: checking for pthread.h
configure:4421: result: yes
configure:4570: creating ./config.status

## ---------------- ##
## Cache variables. ##
## ---------------- ##

ac_cv_c_compiler_gnu=yes
ac_cv_cxx_compiler_gnu=yes
ac_cv_env_CCC_set=
ac_cv_env_CCC_value=
ac_cv_env_CC_set=
ac_cv_env_CC_value=
ac_cv_env_CFLAGS_set=
ac_cv_env_CFLAGS_value=
ac_cv_env_CPPFLAGS_set=
ac_cv_env_CPPFLAGS_value=
ac_cv_env_CPP_set=
ac_cv_env_CPP_value=
ac_cv_env_CXXFLAGS_set=
ac_cv_env_CXXFLAGS_value=
ac_cv_env_CXX_set=
ac_cv_env_CXX_value=
ac_cv_env_LDFLAGS_set=
ac_cv_env_LDFLAGS_value=
ac_cv_env_LIBS_set=
ac_cv_env_LIBS_value=
ac_cv_env_build_alias_set=
ac_cv_env_build_alias_value=
ac_cv_env_host_alias_set=
ac_cv_env_host_alias_value=
ac_cv_env_target_alias_set=
ac_cv_env_target_alias_value=
ac_cv_header_inttypes_h=yes
ac_cv_header_memory_h=yes
ac_cv_header_pthread_h=yes
ac_cv_header_stdc=yes
ac_cv_header_stdint_h=yes
ac_cv_header_stdlib_h=yes
ac_cv_header_string_h=yes
ac_cv_header_strings_h=yes
ac_cv_header_sys_stat_h=yes
ac_cv_header_sys_types_h=yes
ac_cv_header_unistd_h=yes
ac_cv_lib_pthread_pthread_create=yes
ac_cv_objext=o
ac_cv_path_EGREP='/bin/grep -E'
ac_cv_path_GREP=/bin/grep
ac_cv_path_install='/usr/bin/install -c'
ac_cv_path_mkdir=/bin/mkdir
ac_cv_prog_AWK=gawk
ac_cv_prog_CPP='gcc -E'
ac_cv_prog_ac_ct_CC=gcc
ac_cv_prog_ac_ct_CXX=g++
ac_cv_prog_cc_c89=
ac_cv_prog_cc_g=yes
ac_cv_prog_cxx_g=yes
ac_cv_prog_make_make_set=yes
am_cv_CC_dependencies_compiler_type=gcc3
am_cv_CXX_dependencies_compiler_type=gcc3

## ----------------- ##
## Output variables. ##
## ----------------- ##

ACLOCAL='${SHELL} /home/joe/projects/simple-chat-server/missing --run aclocal-1.11'
AMDEPBACKSLASH='\'
AMDEP_FALSE='#'
AMDEP_TRUE=''
AMTAR='${SHELL} /home/joe/projects/simple-chat-server/missing --run tar'
AUTOCONF='${SHELL} /home/joe/projects/simple-chat-server/missing --run autoconf'
AUTOHEADER='${SHELL} /home/joe/projects/simple-chat-server/missing --run autoheader'
AUTOMAKE='${SHELL} /home/joe/projects/simple-chat-server/missing --run automake-1.11'
AWK='gawk'
CC='gcc'
CCDEPMODE='depmode=gcc3'
CFLAGS='-Wall -g -O0 -D_DEBUG -D_PROTOCOL_DEBUG'
CPP='gcc -E'
CPPFLAGS=''
CXX='g++'
CXXDEPMODE='depmode=gcc3'
CXXFLAGS='-Wall -g -O0 -D_DEBUG -D_PROTOCOL_DEBUG'
CYGPATH_W='echo'
DEFS='-DHAVE_CONFIG_H'
DEPDIR='.deps'
ECHO_C=''
ECHO_N='-n'
ECHO_T=''
EGREP='/bin/grep -E'
EXEEXT=''
GREP='/bin/grep'
INSTALL_DATA='${INSTALL} -m 644'
INSTALL_PROGRAM='${INSTALL}'
INSTALL_SCRIPT='${INSTALL}'
INSTALL_STRIP_PROGRAM='$(install_sh) -c -s'
LDFLAGS=''
LIBOBJS=''
LIBS='-lpthread '
LTLIBOBJS=''
MAKEINFO='${SHELL} /home/joe/projects/simple-chat-server/missing --run makeinfo'
MKDIR_P='/bin/mkdir -p'
OBJEXT='o'
PACKAGE='simplechatserver'
PACKAGE_BUGREPORT='joe@manvscode.com'
PACKAGE_NAME='simplechatserver'
PACKAGE_STRING='simplechatserver 0.1'
PACKAGE_TARNAME='simplechatserver'
PACKAGE_URL=''
PACKAGE_VERSION='0.1'
PATH_SEPARATOR=':'
SET_MAKE=''
SHELL='/bin/sh'
STRIP=''
VERSION='0.1'
ac_ct_CC='gcc'
ac_ct_CXX='g++'
am__EXEEXT_FALSE=''
am__EXEEXT_TRUE='#'
am__fastdepCC_FALSE='#'
am__fastdepCC_TRUE=''
am__fastdepCXX_FALSE='#'
am__fastdepCXX_TRUE=''
am__include='include'
am__isrc=''
am__leading_dot='.'
am__quote=''
am__tar='${AMTAR} chof - "$$tardir"'
am__untar='${AMTAR} xf -'
bindir='${exec_prefix}/bin'
build_alias=''
datadir='${datarootdir}'
datarootdir='${prefix}/share'
docdir='${datarootdir}/doc/${PACKAGE_TARNAME}'
dvidir='${docdir}'
exec_prefix='${prefix}'
host_alias=''
htmldir='${docdir}'
includedir='${prefix}/include'
infodir='${datarootdir}/info'
install_sh='${SHELL} /home/joe/projects/simple-chat-server/install-sh'
libdir='${exec_prefix}/lib'
libexecdir='${exec_prefix}/libexec'
localedir='${datarootdir}/locale'
localstatedir='${prefix}/var'
mandir='${datarootdir}/man'
mkdir_p='/bin/mkdir -p'
oldincludedir='/usr/include'
pdfdir='${docdir}'
prefix='/usr/local'
program_transform_name='s,x,x,'
psdir='${docdir}'
sbindir='${exec_prefix}/sbin'
sharedstatedir='${prefix}/com'
sysconfdir='${prefix}/etc'
target_alias=''

## ----------- ##
## confdefs.h. ##
## ----------- ##

/* confdefs.h */
#define PACKAGE_NAME "simplechatserver"
#define PACKAGE_TARNAME "simplechatserver"
#define PACKAGE_VERSION "0.1"
#define PACKAGE_STRING "simplechatserver 0.1"
#define PACKAGE_BUGREPORT "joe@manvscode.com"
#define PACKAGE_URL ""
#define PACKAGE "simplechatserver"
#define VERSION "0.1"
#define HAVE_LIBPTHREAD 1
#define STDC_HEADERS 1
#define HAVE_SYS_TYPES_H 1
#define HAVE_SYS_STAT_H 1
#define HAVE_STDLIB_H 1
#define HAVE_STRING_H 1
#define HAVE_MEMORY_H 1
#define HAVE_STRINGS_H 1
#define HAVE_INTTYPES_H 1
#define HAVE_STDINT_H 1
#define HAVE_UNISTD_H 1
#define HAVE_PTHREAD_H 1

configure: exit 0

## ---------------------- ##
## Running config.status. ##
## ---------------------- ##

This file was extended by simplechatserver config.status 0.1, which was
generated by GNU Autoconf 2.68.  Invocation command line was

  CONFIG_FILES    = 
  CONFIG_HEADERS  = 
  CONFIG_LINKS    = 
  CONFIG_COMMANDS = 
  $ ./config.status 

on laptop.unitserver.com

config.status:868: creating Makefile
config.status:868: creating src/Makefile
config.status:868: creating config.h
config.status:1097: executing depfiles commands
